<?xml version="1.0" encoding="UTF-8" standalone="yes"?><!DOCTYPE report PUBLIC "-//JACOCO//DTD Report 1.1//EN" "report.dtd"><report name="UniquePathsGrid"><sessioninfo id="PCofJC-3f5028ad" start="1713728090958" dump="1713728093045"/><package name="zest"><class name="zest/UniquePaths" sourcefilename="UniquePaths.java"><method name="&lt;init&gt;" desc="()V" line="3"><counter type="INSTRUCTION" missed="0" covered="3"/><counter type="LINE" missed="0" covered="1"/><counter type="COMPLEXITY" missed="0" covered="1"/><counter type="METHOD" missed="0" covered="1"/></method><method name="uniquePaths" desc="(II)I" line="6"><counter type="INSTRUCTION" missed="0" covered="119"/><counter type="BRANCH" missed="0" covered="16"/><counter type="LINE" missed="0" covered="13"/><counter type="COMPLEXITY" missed="0" covered="9"/><counter type="METHOD" missed="0" covered="1"/></method><method name="resultSatisfiesConditions" desc="(I)Z" line="38"><counter type="INSTRUCTION" missed="0" covered="10"/><counter type="BRANCH" missed="0" covered="2"/><counter type="LINE" missed="0" covered="2"/><counter type="COMPLEXITY" missed="0" covered="2"/><counter type="METHOD" missed="0" covered="1"/></method><method name="invariantSatisfiesConditions" desc="(III)Z" line="43"><counter type="INSTRUCTION" missed="0" covered="13"/><counter type="BRANCH" missed="0" covered="4"/><counter type="LINE" missed="0" covered="2"/><counter type="COMPLEXITY" missed="0" covered="3"/><counter type="METHOD" missed="0" covered="1"/></method><counter type="INSTRUCTION" missed="0" covered="145"/><counter type="BRANCH" missed="0" covered="22"/><counter type="LINE" missed="0" covered="18"/><counter type="COMPLEXITY" missed="0" covered="15"/><counter type="METHOD" missed="0" covered="4"/><counter type="CLASS" missed="0" covered="1"/></class><sourcefile name="UniquePaths.java"><line nr="3" mi="0" ci="3" mb="0" cb="0"/><line nr="6" mi="0" ci="17" mb="0" cb="8"/><line nr="8" mi="0" ci="4" mb="0" cb="0"/><line nr="12" mi="0" ci="7" mb="0" cb="2"/><line nr="13" mi="0" ci="6" mb="0" cb="0"/><line nr="16" mi="0" ci="7" mb="0" cb="2"/><line nr="17" mi="0" ci="6" mb="0" cb="0"/><line nr="21" mi="0" ci="7" mb="0" cb="2"/><line nr="22" mi="0" ci="7" mb="0" cb="2"/><line nr="23" mi="0" ci="20" mb="0" cb="0"/><line nr="25" mi="0" ci="22" mb="0" cb="0"/><line nr="29" mi="0" ci="10" mb="0" cb="0"/><line nr="32" mi="0" ci="4" mb="0" cb="0"/><line nr="34" mi="0" ci="2" mb="0" cb="0"/><line nr="38" mi="0" ci="8" mb="0" cb="2"/><line nr="39" mi="0" ci="2" mb="0" cb="0"/><line nr="43" mi="0" ci="11" mb="0" cb="4"/><line nr="44" mi="0" ci="2" mb="0" cb="0"/><counter type="INSTRUCTION" missed="0" covered="145"/><counter type="BRANCH" missed="0" covered="22"/><counter type="LINE" missed="0" covered="18"/><counter type="COMPLEXITY" missed="0" covered="15"/><counter type="METHOD" missed="0" covered="4"/><counter type="CLASS" missed="0" covered="1"/></sourcefile><counter type="INSTRUCTION" missed="0" covered="145"/><counter type="BRANCH" missed="0" covered="22"/><counter type="LINE" missed="0" covered="18"/><counter type="COMPLEXITY" missed="0" covered="15"/><counter type="METHOD" missed="0" covered="4"/><counter type="CLASS" missed="0" covered="1"/></package><counter type="INSTRUCTION" missed="0" covered="145"/><counter type="BRANCH" missed="0" covered="22"/><counter type="LINE" missed="0" covered="18"/><counter type="COMPLEXITY" missed="0" covered="15"/><counter type="METHOD" missed="0" covered="4"/><counter type="CLASS" missed="0" covered="1"/></report>