<?xml version="1.0" encoding="UTF-8"?>
<testsuite xmlns:xsi="http://www.w3.org/2001/XMLSchema-instance" xsi:noNamespaceSchemaLocation="https://maven.apache.org/surefire/maven-surefire-plugin/xsd/surefire-test-report-3.0.xsd" version="3.0" name="zest.FindDuplicateTest" time="0.363" tests="3" errors="0" skipped="0" failures="0">
  <properties>
[...]
</properties>
  <testcase name="testPreConditionSmallArray" classname="zest.FindDuplicateTest" time="0.017"/>
  <testcase name="testPostCondition" classname="zest.FindDuplicateTest" time="0.001"/>
  <testcase name="testInvariantArrayUnchanged" classname="zest.FindDuplicateTest" time="0.003"/>
  <testcase name="testInvalidTwoElementArray" classname="zest.FindDuplicateTest" time="0.0"/>
  <testcase name="testNormalOperation" classname="zest.FindDuplicateTest" time="0.001"/>
  <testcase name="testPreConditionNullArray" classname="zest.FindDuplicateTest" time="0.001"/>
  <testcase name="testPreConditionElementTooLarge" classname="zest.FindDuplicateTest" time="0.004"/>
  <testcase name="testPreConditionElementTooSmall" classname="zest.FindDuplicateTest" time="0.001"/>
  <testcase name="testConstructor" classname="zest.FindDuplicateTest" time="0.0"/>
  <testcase name="testExactlyTwoElements" classname="zest.FindDuplicateTest" time="0.002"/>
  <testcase name="everyResultIsADuplicate" classname="zest.FindDuplicateTest" time="0.297">
    <system-out><![CDATA[timestamp = 2024-04-21T23:32:03.971957300, FindDuplicateTest:everyResultIsADuplicate = 
                              |-----------------------jqwik-----------------------
tries = 1000                  | # of calls to property
checks = 1000                 | # of not rejected calls
generation = RANDOMIZED       | parameters are randomly generated
after-failure = SAMPLE_FIRST  | try previously failed sample, then previous seed
when-fixed-seed = ALLOW       | fixing the random seed is allowed
edge-cases#mode = MIXIN       | edge cases are mixed in
edge-cases#total = 11         | # of all combined edge cases
edge-cases#tried = 11         | # of edge cases tried in current run
seed = 6033278731647019915    | random seed to reproduce generated values


]]></system-out>
  </testcase>
  <testcase name="arrayIsUnchangedAfterMethodCall" classname="zest.FindDuplicateTest" time="0.027">
    <system-out><![CDATA[timestamp = 2024-04-21T23:32:04.002558700, FindDuplicateTest:arrayIsUnchangedAfterMethodCall = 
                              |-----------------------jqwik-----------------------
tries = 1000                  | # of calls to property
checks = 1000                 | # of not rejected calls
generation = RANDOMIZED       | parameters are randomly generated
after-failure = SAMPLE_FIRST  | try previously failed sample, then previous seed
when-fixed-seed = ALLOW       | fixing the random seed is allowed
edge-cases#mode = MIXIN       | edge cases are mixed in
edge-cases#total = 11         | # of all combined edge cases
edge-cases#tried = 11         | # of edge cases tried in current run
seed = 3292243179348084139    | random seed to reproduce generated values


]]></system-out>
  </testcase>
  <testcase name="methodIsIdempotent" classname="zest.FindDuplicateTest" time="0.025">
    <system-out><![CDATA[timestamp = 2024-04-21T23:32:04.027874800, FindDuplicateTest:methodIsIdempotent = 
                              |-----------------------jqwik-----------------------
tries = 1000                  | # of calls to property
checks = 1000                 | # of not rejected calls
generation = RANDOMIZED       | parameters are randomly generated
after-failure = SAMPLE_FIRST  | try previously failed sample, then previous seed
when-fixed-seed = ALLOW       | fixing the random seed is allowed
edge-cases#mode = MIXIN       | edge cases are mixed in
edge-cases#total = 11         | # of all combined edge cases
edge-cases#tried = 11         | # of edge cases tried in current run
seed = -247820482698520744    | random seed to reproduce generated values


]]></system-out>
  </testcase>
</testsuite>