<?xml version="1.0" encoding="UTF-8"?>
<testsuite xmlns:xsi="http://www.w3.org/2001/XMLSchema-instance" xsi:noNamespaceSchemaLocation="https://maven.apache.org/surefire/maven-surefire-plugin/xsd/surefire-test-report-3.0.xsd" version="3.0" name="zest.MedianOfArraysTest" time="0.058" tests="34" errors="0" skipped="0" failures="0">
  <properties>
[...]
</properties>
  <testcase name="testArrayOneAfterAnother" classname="zest.MedianOfArraysTest" time="0.021"/>
  <testcase name="testExceptionalCases1" classname="zest.MedianOfArraysTest" time="0.0"/>
  <testcase name="testExceptionalCases2" classname="zest.MedianOfArraysTest" time="0.001"/>
  <testcase name="testExceptionalCases3" classname="zest.MedianOfArraysTest" time="0.0"/>
  <testcase name="testExceptionalCases4" classname="zest.MedianOfArraysTest" time="0.0"/>
  <testcase name="testExceptionalCases5" classname="zest.MedianOfArraysTest" time="0.0"/>
  <testcase name="testExceptionalCases6" classname="zest.MedianOfArraysTest" time="0.0"/>
  <testcase name="testExceptionalCases7" classname="zest.MedianOfArraysTest" time="0.0"/>
  <testcase name="testExceptionalCases8" classname="zest.MedianOfArraysTest" time="0.0"/>
  <testcase name="testExceptionalCases9" classname="zest.MedianOfArraysTest" time="0.001"/>
  <testcase name="testMergerOdd1" classname="zest.MedianOfArraysTest" time="0.0"/>
  <testcase name="testMergerOdd2" classname="zest.MedianOfArraysTest" time="0.0"/>
  <testcase name="testNoMergerEven1" classname="zest.MedianOfArraysTest" time="0.0"/>
  <testcase name="testNoMergerEven2" classname="zest.MedianOfArraysTest" time="0.001"/>
  <testcase name="testNoMergerEven3" classname="zest.MedianOfArraysTest" time="0.0"/>
  <testcase name="testNoMergerEven4" classname="zest.MedianOfArraysTest" time="0.0"/>
  <testcase name="testMergerEven1" classname="zest.MedianOfArraysTest" time="0.001"/>
  <testcase name="testMergerEven2" classname="zest.MedianOfArraysTest" time="0.0"/>
  <testcase name="testMergerEven3" classname="zest.MedianOfArraysTest" time="0.0"/>
  <testcase name="testMergerEven4" classname="zest.MedianOfArraysTest" time="0.0"/>
  <testcase name="testMergerEven5" classname="zest.MedianOfArraysTest" time="0.001"/>
  <testcase name="testMergerEven6" classname="zest.MedianOfArraysTest" time="0.0"/>
  <testcase name="testOneArrayIsEmpty" classname="zest.MedianOfArraysTest" time="0.0"/>
  <testcase name="testDuplicateValues1" classname="zest.MedianOfArraysTest" time="0.0"/>
  <testcase name="testDuplicateValues2" classname="zest.MedianOfArraysTest" time="0.0"/>
  <testcase name="testNoMergerOdd1" classname="zest.MedianOfArraysTest" time="0.001"/>
  <testcase name="testNoMergerOdd2" classname="zest.MedianOfArraysTest" time="0.0"/>
  <testcase name="testNoMergerOdd3" classname="zest.MedianOfArraysTest" time="0.0"/>
  <testcase name="testNoMergerOdd4" classname="zest.MedianOfArraysTest" time="0.0"/>
  <testcase name="testNoMergerOdd5" classname="zest.MedianOfArraysTest" time="0.0"/>
  <testcase name="testNoMergerOdd6" classname="zest.MedianOfArraysTest" time="0.001"/>
  <testcase name="testNoMergerOdd7" classname="zest.MedianOfArraysTest" time="0.0"/>
  <testcase name="testNoMergerOdd8" classname="zest.MedianOfArraysTest" time="0.0"/>
  <testcase name="testTwoEqualOddArrays" classname="zest.MedianOfArraysTest" time="0.0"/>
</testsuite>