<?xml version="1.0" encoding="UTF-8"?>
<testsuite xmlns:xsi="http://www.w3.org/2001/XMLSchema-instance" xsi:noNamespaceSchemaLocation="https://maven.apache.org/surefire/maven-surefire-plugin/xsd/surefire-test-report-3.0.xsd" version="3.0" name="zest.CatFactsRetrieverTest" time="0.921" tests="7" errors="0" skipped="0" failures="0">
  <properties>
[...]
</properties>
  <testcase name="testRetrieveLongest" classname="zest.CatFactsRetrieverTest" time="0.885"/>
  <testcase name="testRetrieveLongestWithEqualLengthFacts" classname="zest.CatFactsRetrieverTest" time="0.003"/>
  <testcase name="testRetrieveLongestEmpty" classname="zest.CatFactsRetrieverTest" time="0.003"/>
  <testcase name="testRetrieveLongestWithSingleFact" classname="zest.CatFactsRetrieverTest" time="0.003"/>
  <testcase name="testRetrieveRandom" classname="zest.CatFactsRetrieverTest" time="0.002"/>
  <testcase name="testRetrieveLongestWithShorterFact" classname="zest.CatFactsRetrieverTest" time="0.002"/>
  <testcase name="testRetrieveLongestWithNonJsonObject" classname="zest.CatFactsRetrieverTest" time="0.002"/>
</testsuite>