<?xml version="1.0" encoding="UTF-8"?>
<testsuite xmlns:xsi="http://www.w3.org/2001/XMLSchema-instance" xsi:noNamespaceSchemaLocation="https://maven.apache.org/surefire/maven-surefire-plugin/xsd/surefire-test-report-3.0.xsd" version="3.0" name="zest.UniquePathsTest" time="0.741" tests="6" errors="0" skipped="0" failures="0">
  <properties>
[...]
</properties>
  <testcase name="testSimpleNonSquareGrid" classname="zest.UniquePathsTest" time="0.063"/>
  <testcase name="testPostConditionsAreSatisfied" classname="zest.UniquePathsTest" time="0.005"/>
  <testcase name="testResultSatisfiesConditions" classname="zest.UniquePathsTest" time="0.003"/>
  <testcase name="testInvariantSatisfiesConditions" classname="zest.UniquePathsTest" time="0.002"/>
  <testcase name="testSimpleSquareGrid" classname="zest.UniquePathsTest" time="0.001"/>
  <testcase name="testOnlyOneRow" classname="zest.UniquePathsTest" time="0.38">
    <system-out><![CDATA[timestamp = 2024-04-21T21:34:52.629644600, UniquePathsTest:testOnlyOneRow = 
                              |-----------------------jqwik-----------------------
tries = 100                   | # of calls to property
checks = 100                  | # of not rejected calls
generation = EXHAUSTIVE       | parameters are exhaustively generated
after-failure = SAMPLE_FIRST  | try previously failed sample, then previous seed
when-fixed-seed = ALLOW       | fixing the random seed is allowed
edge-cases#mode = MIXIN       | edge cases are mixed in
edge-cases#total = 0          | # of all combined edge cases
edge-cases#tried = 0          | # of edge cases tried in current run
seed = 4899418187599433535    | random seed to reproduce generated values


]]></system-out>
  </testcase>
  <testcase name="testOnlyOneColumn" classname="zest.UniquePathsTest" time="0.023">
    <system-out><![CDATA[timestamp = 2024-04-21T21:34:52.672638800, UniquePathsTest:testOnlyOneColumn = 
                              |-----------------------jqwik-----------------------
tries = 100                   | # of calls to property
checks = 100                  | # of not rejected calls
generation = EXHAUSTIVE       | parameters are exhaustively generated
after-failure = SAMPLE_FIRST  | try previously failed sample, then previous seed
when-fixed-seed = ALLOW       | fixing the random seed is allowed
edge-cases#mode = MIXIN       | edge cases are mixed in
edge-cases#total = 0          | # of all combined edge cases
edge-cases#tried = 0          | # of edge cases tried in current run
seed = 3462267738445744430    | random seed to reproduce generated values


]]></system-out>
  </testcase>
  <testcase name="testInvalidM" classname="zest.UniquePathsTest" time="0.207">
    <system-out><![CDATA[timestamp = 2024-04-21T21:34:52.880602100, UniquePathsTest:testInvalidM = 
                              |-----------------------jqwik-----------------------
tries = 1000                  | # of calls to property
checks = 866                  | # of not rejected calls
generation = RANDOMIZED       | parameters are randomly generated
after-failure = SAMPLE_FIRST  | try previously failed sample, then previous seed
when-fixed-seed = ALLOW       | fixing the random seed is allowed
edge-cases#mode = MIXIN       | edge cases are mixed in
edge-cases#total = 36         | # of all combined edge cases
edge-cases#tried = 36         | # of edge cases tried in current run
seed = 5421040620026628374    | random seed to reproduce generated values


]]></system-out>
  </testcase>
  <testcase name="testInvalidN" classname="zest.UniquePathsTest" time="0.08">
    <system-out><![CDATA[timestamp = 2024-04-21T21:34:52.961588600, UniquePathsTest:testInvalidN = 
                              |-----------------------jqwik-----------------------
tries = 1000                  | # of calls to property
checks = 884                  | # of not rejected calls
generation = RANDOMIZED       | parameters are randomly generated
after-failure = SAMPLE_FIRST  | try previously failed sample, then previous seed
when-fixed-seed = ALLOW       | fixing the random seed is allowed
edge-cases#mode = MIXIN       | edge cases are mixed in
edge-cases#total = 36         | # of all combined edge cases
edge-cases#tried = 36         | # of edge cases tried in current run
seed = 1660896623659391183    | random seed to reproduce generated values


]]></system-out>
  </testcase>
  <testcase name="testvValidM" classname="zest.UniquePathsTest" time="0.012">
    <system-out><![CDATA[timestamp = 2024-04-21T21:34:52.974589100, UniquePathsTest:testvValidM = 
                              |-----------------------jqwik-----------------------
tries = 100                   | # of calls to property
checks = 100                  | # of not rejected calls
generation = EXHAUSTIVE       | parameters are exhaustively generated
after-failure = SAMPLE_FIRST  | try previously failed sample, then previous seed
when-fixed-seed = ALLOW       | fixing the random seed is allowed
edge-cases#mode = MIXIN       | edge cases are mixed in
edge-cases#total = 0          | # of all combined edge cases
edge-cases#tried = 0          | # of edge cases tried in current run
seed = 5006108121917958903    | random seed to reproduce generated values


]]></system-out>
  </testcase>
  <testcase name="testvValidN" classname="zest.UniquePathsTest" time="0.009">
    <system-out><![CDATA[timestamp = 2024-04-21T21:34:52.984585700, UniquePathsTest:testvValidN = 
                              |-----------------------jqwik-----------------------
tries = 100                   | # of calls to property
checks = 100                  | # of not rejected calls
generation = EXHAUSTIVE       | parameters are exhaustively generated
after-failure = SAMPLE_FIRST  | try previously failed sample, then previous seed
when-fixed-seed = ALLOW       | fixing the random seed is allowed
edge-cases#mode = MIXIN       | edge cases are mixed in
edge-cases#total = 0          | # of all combined edge cases
edge-cases#tried = 0          | # of edge cases tried in current run
seed = -4232414037279097850   | random seed to reproduce generated values


]]></system-out>
  </testcase>
</testsuite>