<?xml version="1.0" encoding="UTF-8"?>
<testsuite xmlns:xsi="http://www.w3.org/2001/XMLSchema-instance" xsi:noNamespaceSchemaLocation="https://maven.apache.org/surefire/maven-surefire-plugin/xsd/surefire-test-report-3.0.xsd" version="3.0" name="zest.SumOfTwoIntegersTest" time="0.31" tests="4" errors="0" skipped="0" failures="0">
  <properties>
[...]
</properties>
  <testcase name="testOverflowDetection" classname="zest.SumOfTwoIntegersTest" time="0.014"/>
  <testcase name="testSumPositiveNumbers" classname="zest.SumOfTwoIntegersTest" time="0.002"/>
  <testcase name="testSumNegativeNumbers" classname="zest.SumOfTwoIntegersTest" time="0.001"/>
  <testcase name="testSumWithZero" classname="zest.SumOfTwoIntegersTest" time="0.001"/>
  <testcase name="associativityProperty" classname="zest.SumOfTwoIntegersTest" time="0.252">
    <system-out><![CDATA[timestamp = 2024-04-21T23:32:39.665625400, SumOfTwoIntegersTest:associativityProperty = 
                              |-----------------------jqwik-----------------------
tries = 1000                  | # of calls to property
checks = 1000                 | # of not rejected calls
generation = RANDOMIZED       | parameters are randomly generated
after-failure = SAMPLE_FIRST  | try previously failed sample, then previous seed
when-fixed-seed = ALLOW       | fixing the random seed is allowed
edge-cases#mode = MIXIN       | edge cases are mixed in
edge-cases#total = 729        | # of all combined edge cases
edge-cases#tried = 158        | # of edge cases tried in current run
seed = 6222158136216074446    | random seed to reproduce generated values


]]></system-out>
  </testcase>
  <testcase name="inverseElementProperty" classname="zest.SumOfTwoIntegersTest" time="0.014">
    <system-out><![CDATA[timestamp = 2024-04-21T23:32:39.683966200, SumOfTwoIntegersTest:inverseElementProperty = 
                              |-----------------------jqwik-----------------------
tries = 1000                  | # of calls to property
checks = 1000                 | # of not rejected calls
generation = RANDOMIZED       | parameters are randomly generated
after-failure = SAMPLE_FIRST  | try previously failed sample, then previous seed
when-fixed-seed = ALLOW       | fixing the random seed is allowed
edge-cases#mode = MIXIN       | edge cases are mixed in
edge-cases#total = 9          | # of all combined edge cases
edge-cases#tried = 9          | # of edge cases tried in current run
seed = 3106800255515839092    | random seed to reproduce generated values


]]></system-out>
  </testcase>
  <testcase name="identityElementProperty" classname="zest.SumOfTwoIntegersTest" time="0.014">
    <system-out><![CDATA[timestamp = 2024-04-21T23:32:39.697472700, SumOfTwoIntegersTest:identityElementProperty = 
                              |-----------------------jqwik-----------------------
tries = 1000                  | # of calls to property
checks = 1000                 | # of not rejected calls
generation = RANDOMIZED       | parameters are randomly generated
after-failure = SAMPLE_FIRST  | try previously failed sample, then previous seed
when-fixed-seed = ALLOW       | fixing the random seed is allowed
edge-cases#mode = MIXIN       | edge cases are mixed in
edge-cases#total = 9          | # of all combined edge cases
edge-cases#tried = 9          | # of edge cases tried in current run
seed = 7889191171490509819    | random seed to reproduce generated values


]]></system-out>
  </testcase>
  <testcase name="commutativityProperty" classname="zest.SumOfTwoIntegersTest" time="0.013">
    <system-out><![CDATA[timestamp = 2024-04-21T23:32:39.710503200, SumOfTwoIntegersTest:commutativityProperty = 
                              |-----------------------jqwik-----------------------
tries = 1000                  | # of calls to property
checks = 1000                 | # of not rejected calls
generation = RANDOMIZED       | parameters are randomly generated
after-failure = SAMPLE_FIRST  | try previously failed sample, then previous seed
when-fixed-seed = ALLOW       | fixing the random seed is allowed
edge-cases#mode = MIXIN       | edge cases are mixed in
edge-cases#total = 81         | # of all combined edge cases
edge-cases#tried = 81         | # of edge cases tried in current run
seed = 6162563309304976377    | random seed to reproduce generated values


]]></system-out>
  </testcase>
</testsuite>