<?xml version="1.0" encoding="UTF-8"?>
<testsuite xmlns:xsi="http://www.w3.org/2001/XMLSchema-instance" xsi:noNamespaceSchemaLocation="https://maven.apache.org/surefire/maven-surefire-plugin/xsd/surefire-test-report-3.0.xsd" version="3.0" name="zest.MaximumSubarrayTest" time="0.046" tests="11" errors="0" skipped="0" failures="0">
  <properties>
[...]
</properties>
  <testcase name="testArrayOnlyNegative" classname="zest.MaximumSubarrayTest" time="0.018"/>
  <testcase name="testArrayMixed" classname="zest.MaximumSubarrayTest" time="0.0"/>
  <testcase name="testArrayTwoParts" classname="zest.MaximumSubarrayTest" time="0.0"/>
  <testcase name="testArrayTwoConsequentValues" classname="zest.MaximumSubarrayTest" time="0.0"/>
  <testcase name="testArrayLength1" classname="zest.MaximumSubarrayTest" time="0.001"/>
  <testcase name="testArrayIsNullOrEmpty" classname="zest.MaximumSubarrayTest" time="0.002"/>
  <testcase name="testAllElementsPositive" classname="zest.MaximumSubarrayTest" time="0.001"/>
  <testcase name="testAllElementsNegative" classname="zest.MaximumSubarrayTest" time="0.0"/>
  <testcase name="testNegativeInTheMiddle" classname="zest.MaximumSubarrayTest" time="0.0"/>
  <testcase name="testFirstPartPositiveSecondPartNegative" classname="zest.MaximumSubarrayTest" time="0.001"/>
  <testcase name="testArrayOnlyPositive" classname="zest.MaximumSubarrayTest" time="0.0"/>
</testsuite>